<?xml version="1.0" encoding="UTF-8"?>
<!-- Generated by org.testng.reporters.JUnitXMLReporter -->
<testsuite hostname="Pravin-PC" ignored="2" name="Default test" tests="14" failures="3" timestamp="2020-07-10T12:15:40 IST" time="191.099" errors="0">
  <testcase name="LoginToApplication" time="17.633" classname="com.katalyst.ensoul.tests.WorkEmailLoginTest"/>
  <testcase name="PasswordReset" time="0.181" classname="com.katalyst.ensoul.tests.ProfileTest">
    <failure type="org.testng.internal.reflect.MethodMatcherException" message="
[public void com.katalyst.ensoul.tests.ProfileTest.PasswordReset() throws java.lang.Exception] has no parameters defined but was found to be using a data provider (either explicitly specified or inherited from class level annotation).
Data provider mismatch
Method: PasswordReset([])
Arguments: [(java.lang.String) 12345678,(java.lang.String) 12345678,(java.lang.String) /EnsoulAutomationFramework/img/2.jpg,(java.lang.String) /EnsoulAutomationFramework/img/1.png,(java.lang.String) /EnsoulAutomationFramework/img/4.BMP,(java.lang.String) /EnsoulAutomationFramework/img/3.gif]">
      <![CDATA[org.testng.internal.reflect.MethodMatcherException: 
[public void com.katalyst.ensoul.tests.ProfileTest.PasswordReset() throws java.lang.Exception] has no parameters defined but was found to be using a data provider (either explicitly specified or inherited from class level annotation).
Data provider mismatch
Method: PasswordReset([])
Arguments: [(java.lang.String) 12345678,(java.lang.String) 12345678,(java.lang.String) /EnsoulAutomationFramework/img/2.jpg,(java.lang.String) /EnsoulAutomationFramework/img/1.png,(java.lang.String) /EnsoulAutomationFramework/img/4.BMP,(java.lang.String) /EnsoulAutomationFramework/img/3.gif]
at org.testng.internal.reflect.DataProviderMethodMatcher.getConformingArguments(DataProviderMethodMatcher.java:43)
at org.testng.internal.Parameters.injectParameters(Parameters.java:905)
at org.testng.internal.MethodRunner.runInSequence(MethodRunner.java:34)
at org.testng.internal.TestInvoker$MethodInvocationAgent.invoke(TestInvoker.java:821)
at org.testng.internal.TestInvoker.invokeTestMethods(TestInvoker.java:147)
at org.testng.internal.TestMethodWorker.invokeTestMethods(TestMethodWorker.java:146)
at org.testng.internal.TestMethodWorker.run(TestMethodWorker.java:128)
at java.util.ArrayList.forEach(Unknown Source)
at org.testng.TestRunner.privateRun(TestRunner.java:767)
at org.testng.TestRunner.run(TestRunner.java:588)
at org.testng.SuiteRunner.runTest(SuiteRunner.java:384)
at org.testng.SuiteRunner.runSequentially(SuiteRunner.java:378)
at org.testng.SuiteRunner.privateRun(SuiteRunner.java:337)
at org.testng.SuiteRunner.run(SuiteRunner.java:286)
at org.testng.SuiteRunnerWorker.runSuite(SuiteRunnerWorker.java:53)
at org.testng.SuiteRunnerWorker.run(SuiteRunnerWorker.java:96)
at org.testng.TestNG.runSuitesSequentially(TestNG.java:1214)
at org.testng.TestNG.runSuitesLocally(TestNG.java:1136)
at org.testng.TestNG.runSuites(TestNG.java:1066)
at org.testng.TestNG.run(TestNG.java:1034)
at org.testng.remote.AbstractRemoteTestNG.run(AbstractRemoteTestNG.java:115)
at org.testng.remote.RemoteTestNG.initAndRun(RemoteTestNG.java:251)
at org.testng.remote.RemoteTestNG.main(RemoteTestNG.java:77)
]]>
    </failure>
  </testcase> <!-- PasswordReset -->
  <testcase name="NullPassword" time="0.145" classname="com.katalyst.ensoul.tests.ProfileTest">
    <failure type="org.testng.internal.reflect.MethodMatcherException" message="
[public void com.katalyst.ensoul.tests.ProfileTest.NullPassword() throws java.lang.Exception] has no parameters defined but was found to be using a data provider (either explicitly specified or inherited from class level annotation).
Data provider mismatch
Method: NullPassword([])
Arguments: [(java.lang.String) 12345678,(java.lang.String) 12345678,(java.lang.String) /EnsoulAutomationFramework/img/2.jpg,(java.lang.String) /EnsoulAutomationFramework/img/1.png,(java.lang.String) /EnsoulAutomationFramework/img/4.BMP,(java.lang.String) /EnsoulAutomationFramework/img/3.gif]">
      <![CDATA[org.testng.internal.reflect.MethodMatcherException: 
[public void com.katalyst.ensoul.tests.ProfileTest.NullPassword() throws java.lang.Exception] has no parameters defined but was found to be using a data provider (either explicitly specified or inherited from class level annotation).
Data provider mismatch
Method: NullPassword([])
Arguments: [(java.lang.String) 12345678,(java.lang.String) 12345678,(java.lang.String) /EnsoulAutomationFramework/img/2.jpg,(java.lang.String) /EnsoulAutomationFramework/img/1.png,(java.lang.String) /EnsoulAutomationFramework/img/4.BMP,(java.lang.String) /EnsoulAutomationFramework/img/3.gif]
at org.testng.internal.reflect.DataProviderMethodMatcher.getConformingArguments(DataProviderMethodMatcher.java:43)
at org.testng.internal.Parameters.injectParameters(Parameters.java:905)
at org.testng.internal.MethodRunner.runInSequence(MethodRunner.java:34)
at org.testng.internal.TestInvoker$MethodInvocationAgent.invoke(TestInvoker.java:821)
at org.testng.internal.TestInvoker.invokeTestMethods(TestInvoker.java:147)
at org.testng.internal.TestMethodWorker.invokeTestMethods(TestMethodWorker.java:146)
at org.testng.internal.TestMethodWorker.run(TestMethodWorker.java:128)
at java.util.ArrayList.forEach(Unknown Source)
at org.testng.TestRunner.privateRun(TestRunner.java:767)
at org.testng.TestRunner.run(TestRunner.java:588)
at org.testng.SuiteRunner.runTest(SuiteRunner.java:384)
at org.testng.SuiteRunner.runSequentially(SuiteRunner.java:378)
at org.testng.SuiteRunner.privateRun(SuiteRunner.java:337)
at org.testng.SuiteRunner.run(SuiteRunner.java:286)
at org.testng.SuiteRunnerWorker.runSuite(SuiteRunnerWorker.java:53)
at org.testng.SuiteRunnerWorker.run(SuiteRunnerWorker.java:96)
at org.testng.TestNG.runSuitesSequentially(TestNG.java:1214)
at org.testng.TestNG.runSuitesLocally(TestNG.java:1136)
at org.testng.TestNG.runSuites(TestNG.java:1066)
at org.testng.TestNG.run(TestNG.java:1034)
at org.testng.remote.AbstractRemoteTestNG.run(AbstractRemoteTestNG.java:115)
at org.testng.remote.RemoteTestNG.initAndRun(RemoteTestNG.java:251)
at org.testng.remote.RemoteTestNG.main(RemoteTestNG.java:77)
]]>
    </failure>
  </testcase> <!-- NullPassword -->
  <testcase name="OnlyChar" time="18.95" classname="com.katalyst.ensoul.tests.ProfileTest"/>
  <testcase name="NumericAplha" time="19.377" classname="com.katalyst.ensoul.tests.ProfileTest"/>
  <testcase name="CharSpecial" time="20.404" classname="com.katalyst.ensoul.tests.ProfileTest"/>
  <testcase name="OnlyNumbers" time="21.871" classname="com.katalyst.ensoul.tests.ProfileTest"/>
  <testcase name="Combine" time="21.346" classname="com.katalyst.ensoul.tests.ProfileTest"/>
  <testcase name="JPGImgUpload" time="13.531" classname="com.katalyst.ensoul.tests.ProfileTest"/>
  <testcase name="PNGImgUpload" time="13.379" classname="com.katalyst.ensoul.tests.ProfileTest"/>
  <testcase name="GIFImgUpload" time="13.46" classname="com.katalyst.ensoul.tests.ProfileTest"/>
  <testcase name="BMPImgUpload" time="13.445" classname="com.katalyst.ensoul.tests.ProfileTest"/>
  <testcase name="TXTImgUpload" time="13.431" classname="com.katalyst.ensoul.tests.ProfileTest"/>
  <testcase name="ChkEmailUname" time="0.074" classname="com.katalyst.ensoul.tests.ProfileTest">
    <failure type="org.testng.internal.reflect.MethodMatcherException" message="
[public void com.katalyst.ensoul.tests.ProfileTest.ChkEmailUname() throws java.lang.Exception] has no parameters defined but was found to be using a data provider (either explicitly specified or inherited from class level annotation).
Data provider mismatch
Method: ChkEmailUname([])
Arguments: [(java.lang.String) 12345678,(java.lang.String) 12345678,(java.lang.String) /EnsoulAutomationFramework/img/2.jpg,(java.lang.String) /EnsoulAutomationFramework/img/1.png,(java.lang.String) /EnsoulAutomationFramework/img/4.BMP,(java.lang.String) /EnsoulAutomationFramework/img/3.gif]">
      <![CDATA[org.testng.internal.reflect.MethodMatcherException: 
[public void com.katalyst.ensoul.tests.ProfileTest.ChkEmailUname() throws java.lang.Exception] has no parameters defined but was found to be using a data provider (either explicitly specified or inherited from class level annotation).
Data provider mismatch
Method: ChkEmailUname([])
Arguments: [(java.lang.String) 12345678,(java.lang.String) 12345678,(java.lang.String) /EnsoulAutomationFramework/img/2.jpg,(java.lang.String) /EnsoulAutomationFramework/img/1.png,(java.lang.String) /EnsoulAutomationFramework/img/4.BMP,(java.lang.String) /EnsoulAutomationFramework/img/3.gif]
at org.testng.internal.reflect.DataProviderMethodMatcher.getConformingArguments(DataProviderMethodMatcher.java:43)
at org.testng.internal.Parameters.injectParameters(Parameters.java:905)
at org.testng.internal.MethodRunner.runInSequence(MethodRunner.java:34)
at org.testng.internal.TestInvoker$MethodInvocationAgent.invoke(TestInvoker.java:821)
at org.testng.internal.TestInvoker.invokeTestMethods(TestInvoker.java:147)
at org.testng.internal.TestMethodWorker.invokeTestMethods(TestMethodWorker.java:146)
at org.testng.internal.TestMethodWorker.run(TestMethodWorker.java:128)
at java.util.ArrayList.forEach(Unknown Source)
at org.testng.TestRunner.privateRun(TestRunner.java:767)
at org.testng.TestRunner.run(TestRunner.java:588)
at org.testng.SuiteRunner.runTest(SuiteRunner.java:384)
at org.testng.SuiteRunner.runSequentially(SuiteRunner.java:378)
at org.testng.SuiteRunner.privateRun(SuiteRunner.java:337)
at org.testng.SuiteRunner.run(SuiteRunner.java:286)
at org.testng.SuiteRunnerWorker.runSuite(SuiteRunnerWorker.java:53)
at org.testng.SuiteRunnerWorker.run(SuiteRunnerWorker.java:96)
at org.testng.TestNG.runSuitesSequentially(TestNG.java:1214)
at org.testng.TestNG.runSuitesLocally(TestNG.java:1136)
at org.testng.TestNG.runSuites(TestNG.java:1066)
at org.testng.TestNG.run(TestNG.java:1034)
at org.testng.remote.AbstractRemoteTestNG.run(AbstractRemoteTestNG.java:115)
at org.testng.remote.RemoteTestNG.initAndRun(RemoteTestNG.java:251)
at org.testng.remote.RemoteTestNG.main(RemoteTestNG.java:77)
]]>
    </failure>
  </testcase> <!-- ChkEmailUname -->
  <testcase name="@BeforeSuite setUp" time="0.0" classname="com.katalyst.base.TestBase">
    <ignored/>
  </testcase> <!-- @BeforeSuite setUp -->
  <testcase name="@AfterSuite tearDown" time="0.0" classname="com.katalyst.base.TestBase">
    <ignored/>
  </testcase> <!-- @AfterSuite tearDown -->
</testsuite> <!-- Default test -->
