<html>
<head>
<title>TestNG:  Default test</title>
<link href="../testng.css" rel="stylesheet" type="text/css" />
<link href="../my-testng.css" rel="stylesheet" type="text/css" />

<style type="text/css">
.log { display: none;} 
.stack-trace { display: none;} 
</style>
<script type="text/javascript">
<!--
function flip(e) {
  current = e.style.display;
  if (current == 'block') {
    e.style.display = 'none';
    return 0;
  }
  else {
    e.style.display = 'block';
    return 1;
  }
}

function toggleBox(szDivId, elem, msg1, msg2)
{
  var res = -1;  if (document.getElementById) {
    res = flip(document.getElementById(szDivId));
  }
  else if (document.all) {
    // this is the way old msie versions work
    res = flip(document.all[szDivId]);
  }
  if(elem) {
    if(res == 0) elem.innerHTML = msg1; else elem.innerHTML = msg2;
  }

}

function toggleAllBoxes() {
  if (document.getElementsByTagName) {
    d = document.getElementsByTagName('div');
    for (i = 0; i < d.length; i++) {
      if (d[i].className == 'log') {
        flip(d[i]);
      }
    }
  }
}

// -->
</script>

</head>
<body>
<h2 align='center'>Default test</h2><table border='1' align="center">
<tr>
<td>Tests passed/Failed/Skipped:</td><td>11/3/0</td>
</tr><tr>
<td>Started on:</td><td>Fri Jul 10 12:12:29 IST 2020</td>
</tr>
<tr><td>Total time:</td><td>191 seconds (191099 ms)</td>
</tr><tr>
<td>Included groups:</td><td></td>
</tr><tr>
<td>Excluded groups:</td><td></td>
</tr>
</table><p/>
<small><i>(Hover the method name to see the test class name)</i></small><p/>
<table width='100%' border='1' class='invocation-failed'>
<tr><td colspan='4' align='center'><b>FAILED TESTS</b></td></tr>
<tr><td><b>Test method</b></td>
<td width="30%"><b>Exception</b></td>
<td width="10%"><b>Time (seconds)</b></td>
<td><b>Instance</b></td>
</tr>
<tr>
<td title='com.katalyst.ensoul.tests.ProfileTest.ChkEmailUname()'><b>ChkEmailUname</b><br>Test class: com.katalyst.ensoul.tests.ProfileTest</td>
<td><div><pre>org.testng.internal.reflect.MethodMatcherException: 
[public void com.katalyst.ensoul.tests.ProfileTest.ChkEmailUname() throws java.lang.Exception] has no parameters defined but was found to be using a data provider (either explicitly specified or inherited from class level annotation).
Data provider mismatch
Method: ChkEmailUname([])
Arguments: [(java.lang.String) 12345678,(java.lang.String) 12345678,(java.lang.String) /EnsoulAutomationFramework/img/2.jpg,(java.lang.String) /EnsoulAutomationFramework/img/1.png,(java.lang.String) /EnsoulAutomationFramework/img/4.BMP,(java.lang.String) /EnsoulAutomationFramework/img/3.gif]
	at org.testng.internal.reflect.DataProviderMethodMatcher.getConformingArguments(DataProviderMethodMatcher.java:43)
	at org.testng.internal.Parameters.injectParameters(Parameters.java:905)
	at org.testng.internal.MethodRunner.runInSequence(MethodRunner.java:34)
	at org.testng.internal.TestInvoker$MethodInvocationAgent.invoke(TestInvoker.java:821)
	at org.testng.internal.TestInvoker.invokeTestMethods(TestInvoker.java:147)
	at org.testng.internal.TestMethodWorker.invokeTestMethods(TestMethodWorker.java:146)
	at org.testng.internal.TestMethodWorker.run(TestMethodWorker.java:128)
	at java.util.ArrayList.forEach(Unknown Source)
	at org.testng.TestRunner.privateRun(TestRunner.java:767)
	at org.testng.TestRunner.run(TestRunner.java:588)
	at org.testng.SuiteRunner.runTest(SuiteRunner.java:384)
	at org.testng.SuiteRunner.runSequentially(SuiteRunner.java:378)
	at org.testng.SuiteRunner.privateRun(SuiteRunner.java:337)
	at org.testng.SuiteRunner.run(SuiteRunner.java:286)
	at org.testng.SuiteRunnerWorker.runSuite(SuiteRunnerWorker.java:53)
	at org.testng.SuiteRunnerWorker.run(SuiteRunnerWorker.java:96)
	at org.testng.TestNG.runSuitesSequentially(TestNG.java:1214)
	at org.testng.TestNG.runSuitesLocally(TestNG.java:1136)
	at org.testng.TestNG.runSuites(TestNG.java:1066)
	at org.testng.TestNG.run(TestNG.java:1034)
	at org.testng.remote.AbstractRemoteTestNG.run(AbstractRemoteTestNG.java:115)
	at org.testng.remote.RemoteTestNG.initAndRun(RemoteTestNG.java:251)
	at org.testng.remote.RemoteTestNG.main(RemoteTestNG.java:77)
</pre></div><a href='#' onClick='toggleBox("stack-trace995613604", this, "Click to show all stack frames", "Click to hide stack frames")'>Click to show all stack frames</a>
<div class='stack-trace' id='stack-trace995613604'><pre>org.testng.internal.reflect.MethodMatcherException: 
[public void com.katalyst.ensoul.tests.ProfileTest.ChkEmailUname() throws java.lang.Exception] has no parameters defined but was found to be using a data provider (either explicitly specified or inherited from class level annotation).
Data provider mismatch
Method: ChkEmailUname([])
Arguments: [(java.lang.String) 12345678,(java.lang.String) 12345678,(java.lang.String) /EnsoulAutomationFramework/img/2.jpg,(java.lang.String) /EnsoulAutomationFramework/img/1.png,(java.lang.String) /EnsoulAutomationFramework/img/4.BMP,(java.lang.String) /EnsoulAutomationFramework/img/3.gif]
	at org.testng.internal.reflect.DataProviderMethodMatcher.getConformingArguments(DataProviderMethodMatcher.java:43)
	at org.testng.internal.Parameters.injectParameters(Parameters.java:905)
	at org.testng.internal.MethodRunner.runInSequence(MethodRunner.java:34)
	at org.testng.internal.TestInvoker$MethodInvocationAgent.invoke(TestInvoker.java:821)
	at org.testng.internal.TestInvoker.invokeTestMethods(TestInvoker.java:147)
	at org.testng.internal.TestMethodWorker.invokeTestMethods(TestMethodWorker.java:146)
	at org.testng.internal.TestMethodWorker.run(TestMethodWorker.java:128)
	at java.util.ArrayList.forEach(Unknown Source)
	at org.testng.TestRunner.privateRun(TestRunner.java:767)
	at org.testng.TestRunner.run(TestRunner.java:588)
	at org.testng.SuiteRunner.runTest(SuiteRunner.java:384)
	at org.testng.SuiteRunner.runSequentially(SuiteRunner.java:378)
	at org.testng.SuiteRunner.privateRun(SuiteRunner.java:337)
	at org.testng.SuiteRunner.run(SuiteRunner.java:286)
	at org.testng.SuiteRunnerWorker.runSuite(SuiteRunnerWorker.java:53)
	at org.testng.SuiteRunnerWorker.run(SuiteRunnerWorker.java:96)
	at org.testng.TestNG.runSuitesSequentially(TestNG.java:1214)
	at org.testng.TestNG.runSuitesLocally(TestNG.java:1136)
	at org.testng.TestNG.runSuites(TestNG.java:1066)
	at org.testng.TestNG.run(TestNG.java:1034)
	at org.testng.remote.AbstractRemoteTestNG.run(AbstractRemoteTestNG.java:115)
	at org.testng.remote.RemoteTestNG.initAndRun(RemoteTestNG.java:251)
	at org.testng.remote.RemoteTestNG.main(RemoteTestNG.java:77)
</pre></div></td>
<td>0</td>
<td>com.katalyst.ensoul.tests.ProfileTest@359f7cdf</td></tr>
<tr>
<td title='com.katalyst.ensoul.tests.ProfileTest.NullPassword()'><b>NullPassword</b><br>Test class: com.katalyst.ensoul.tests.ProfileTest</td>
<td><div><pre>org.testng.internal.reflect.MethodMatcherException: 
[public void com.katalyst.ensoul.tests.ProfileTest.NullPassword() throws java.lang.Exception] has no parameters defined but was found to be using a data provider (either explicitly specified or inherited from class level annotation).
Data provider mismatch
Method: NullPassword([])
Arguments: [(java.lang.String) 12345678,(java.lang.String) 12345678,(java.lang.String) /EnsoulAutomationFramework/img/2.jpg,(java.lang.String) /EnsoulAutomationFramework/img/1.png,(java.lang.String) /EnsoulAutomationFramework/img/4.BMP,(java.lang.String) /EnsoulAutomationFramework/img/3.gif]
	at org.testng.internal.reflect.DataProviderMethodMatcher.getConformingArguments(DataProviderMethodMatcher.java:43)
	at org.testng.internal.Parameters.injectParameters(Parameters.java:905)
	at org.testng.internal.MethodRunner.runInSequence(MethodRunner.java:34)
	at org.testng.internal.TestInvoker$MethodInvocationAgent.invoke(TestInvoker.java:821)
	at org.testng.internal.TestInvoker.invokeTestMethods(TestInvoker.java:147)
	at org.testng.internal.TestMethodWorker.invokeTestMethods(TestMethodWorker.java:146)
	at org.testng.internal.TestMethodWorker.run(TestMethodWorker.java:128)
	at java.util.ArrayList.forEach(Unknown Source)
	at org.testng.TestRunner.privateRun(TestRunner.java:767)
	at org.testng.TestRunner.run(TestRunner.java:588)
	at org.testng.SuiteRunner.runTest(SuiteRunner.java:384)
	at org.testng.SuiteRunner.runSequentially(SuiteRunner.java:378)
	at org.testng.SuiteRunner.privateRun(SuiteRunner.java:337)
	at org.testng.SuiteRunner.run(SuiteRunner.java:286)
	at org.testng.SuiteRunnerWorker.runSuite(SuiteRunnerWorker.java:53)
	at org.testng.SuiteRunnerWorker.run(SuiteRunnerWorker.java:96)
	at org.testng.TestNG.runSuitesSequentially(TestNG.java:1214)
	at org.testng.TestNG.runSuitesLocally(TestNG.java:1136)
	at org.testng.TestNG.runSuites(TestNG.java:1066)
	at org.testng.TestNG.run(TestNG.java:1034)
	at org.testng.remote.AbstractRemoteTestNG.run(AbstractRemoteTestNG.java:115)
	at org.testng.remote.RemoteTestNG.initAndRun(RemoteTestNG.java:251)
	at org.testng.remote.RemoteTestNG.main(RemoteTestNG.java:77)
</pre></div><a href='#' onClick='toggleBox("stack-trace1665308978", this, "Click to show all stack frames", "Click to hide stack frames")'>Click to show all stack frames</a>
<div class='stack-trace' id='stack-trace1665308978'><pre>org.testng.internal.reflect.MethodMatcherException: 
[public void com.katalyst.ensoul.tests.ProfileTest.NullPassword() throws java.lang.Exception] has no parameters defined but was found to be using a data provider (either explicitly specified or inherited from class level annotation).
Data provider mismatch
Method: NullPassword([])
Arguments: [(java.lang.String) 12345678,(java.lang.String) 12345678,(java.lang.String) /EnsoulAutomationFramework/img/2.jpg,(java.lang.String) /EnsoulAutomationFramework/img/1.png,(java.lang.String) /EnsoulAutomationFramework/img/4.BMP,(java.lang.String) /EnsoulAutomationFramework/img/3.gif]
	at org.testng.internal.reflect.DataProviderMethodMatcher.getConformingArguments(DataProviderMethodMatcher.java:43)
	at org.testng.internal.Parameters.injectParameters(Parameters.java:905)
	at org.testng.internal.MethodRunner.runInSequence(MethodRunner.java:34)
	at org.testng.internal.TestInvoker$MethodInvocationAgent.invoke(TestInvoker.java:821)
	at org.testng.internal.TestInvoker.invokeTestMethods(TestInvoker.java:147)
	at org.testng.internal.TestMethodWorker.invokeTestMethods(TestMethodWorker.java:146)
	at org.testng.internal.TestMethodWorker.run(TestMethodWorker.java:128)
	at java.util.ArrayList.forEach(Unknown Source)
	at org.testng.TestRunner.privateRun(TestRunner.java:767)
	at org.testng.TestRunner.run(TestRunner.java:588)
	at org.testng.SuiteRunner.runTest(SuiteRunner.java:384)
	at org.testng.SuiteRunner.runSequentially(SuiteRunner.java:378)
	at org.testng.SuiteRunner.privateRun(SuiteRunner.java:337)
	at org.testng.SuiteRunner.run(SuiteRunner.java:286)
	at org.testng.SuiteRunnerWorker.runSuite(SuiteRunnerWorker.java:53)
	at org.testng.SuiteRunnerWorker.run(SuiteRunnerWorker.java:96)
	at org.testng.TestNG.runSuitesSequentially(TestNG.java:1214)
	at org.testng.TestNG.runSuitesLocally(TestNG.java:1136)
	at org.testng.TestNG.runSuites(TestNG.java:1066)
	at org.testng.TestNG.run(TestNG.java:1034)
	at org.testng.remote.AbstractRemoteTestNG.run(AbstractRemoteTestNG.java:115)
	at org.testng.remote.RemoteTestNG.initAndRun(RemoteTestNG.java:251)
	at org.testng.remote.RemoteTestNG.main(RemoteTestNG.java:77)
</pre></div></td>
<td>0</td>
<td>com.katalyst.ensoul.tests.ProfileTest@359f7cdf</td></tr>
<tr>
<td title='com.katalyst.ensoul.tests.ProfileTest.PasswordReset()'><b>PasswordReset</b><br>Test class: com.katalyst.ensoul.tests.ProfileTest</td>
<td><div><pre>org.testng.internal.reflect.MethodMatcherException: 
[public void com.katalyst.ensoul.tests.ProfileTest.PasswordReset() throws java.lang.Exception] has no parameters defined but was found to be using a data provider (either explicitly specified or inherited from class level annotation).
Data provider mismatch
Method: PasswordReset([])
Arguments: [(java.lang.String) 12345678,(java.lang.String) 12345678,(java.lang.String) /EnsoulAutomationFramework/img/2.jpg,(java.lang.String) /EnsoulAutomationFramework/img/1.png,(java.lang.String) /EnsoulAutomationFramework/img/4.BMP,(java.lang.String) /EnsoulAutomationFramework/img/3.gif]
	at org.testng.internal.reflect.DataProviderMethodMatcher.getConformingArguments(DataProviderMethodMatcher.java:43)
	at org.testng.internal.Parameters.injectParameters(Parameters.java:905)
	at org.testng.internal.MethodRunner.runInSequence(MethodRunner.java:34)
	at org.testng.internal.TestInvoker$MethodInvocationAgent.invoke(TestInvoker.java:821)
	at org.testng.internal.TestInvoker.invokeTestMethods(TestInvoker.java:147)
	at org.testng.internal.TestMethodWorker.invokeTestMethods(TestMethodWorker.java:146)
	at org.testng.internal.TestMethodWorker.run(TestMethodWorker.java:128)
	at java.util.ArrayList.forEach(Unknown Source)
	at org.testng.TestRunner.privateRun(TestRunner.java:767)
	at org.testng.TestRunner.run(TestRunner.java:588)
	at org.testng.SuiteRunner.runTest(SuiteRunner.java:384)
	at org.testng.SuiteRunner.runSequentially(SuiteRunner.java:378)
	at org.testng.SuiteRunner.privateRun(SuiteRunner.java:337)
	at org.testng.SuiteRunner.run(SuiteRunner.java:286)
	at org.testng.SuiteRunnerWorker.runSuite(SuiteRunnerWorker.java:53)
	at org.testng.SuiteRunnerWorker.run(SuiteRunnerWorker.java:96)
	at org.testng.TestNG.runSuitesSequentially(TestNG.java:1214)
	at org.testng.TestNG.runSuitesLocally(TestNG.java:1136)
	at org.testng.TestNG.runSuites(TestNG.java:1066)
	at org.testng.TestNG.run(TestNG.java:1034)
	at org.testng.remote.AbstractRemoteTestNG.run(AbstractRemoteTestNG.java:115)
	at org.testng.remote.RemoteTestNG.initAndRun(RemoteTestNG.java:251)
	at org.testng.remote.RemoteTestNG.main(RemoteTestNG.java:77)
</pre></div><a href='#' onClick='toggleBox("stack-trace633727380", this, "Click to show all stack frames", "Click to hide stack frames")'>Click to show all stack frames</a>
<div class='stack-trace' id='stack-trace633727380'><pre>org.testng.internal.reflect.MethodMatcherException: 
[public void com.katalyst.ensoul.tests.ProfileTest.PasswordReset() throws java.lang.Exception] has no parameters defined but was found to be using a data provider (either explicitly specified or inherited from class level annotation).
Data provider mismatch
Method: PasswordReset([])
Arguments: [(java.lang.String) 12345678,(java.lang.String) 12345678,(java.lang.String) /EnsoulAutomationFramework/img/2.jpg,(java.lang.String) /EnsoulAutomationFramework/img/1.png,(java.lang.String) /EnsoulAutomationFramework/img/4.BMP,(java.lang.String) /EnsoulAutomationFramework/img/3.gif]
	at org.testng.internal.reflect.DataProviderMethodMatcher.getConformingArguments(DataProviderMethodMatcher.java:43)
	at org.testng.internal.Parameters.injectParameters(Parameters.java:905)
	at org.testng.internal.MethodRunner.runInSequence(MethodRunner.java:34)
	at org.testng.internal.TestInvoker$MethodInvocationAgent.invoke(TestInvoker.java:821)
	at org.testng.internal.TestInvoker.invokeTestMethods(TestInvoker.java:147)
	at org.testng.internal.TestMethodWorker.invokeTestMethods(TestMethodWorker.java:146)
	at org.testng.internal.TestMethodWorker.run(TestMethodWorker.java:128)
	at java.util.ArrayList.forEach(Unknown Source)
	at org.testng.TestRunner.privateRun(TestRunner.java:767)
	at org.testng.TestRunner.run(TestRunner.java:588)
	at org.testng.SuiteRunner.runTest(SuiteRunner.java:384)
	at org.testng.SuiteRunner.runSequentially(SuiteRunner.java:378)
	at org.testng.SuiteRunner.privateRun(SuiteRunner.java:337)
	at org.testng.SuiteRunner.run(SuiteRunner.java:286)
	at org.testng.SuiteRunnerWorker.runSuite(SuiteRunnerWorker.java:53)
	at org.testng.SuiteRunnerWorker.run(SuiteRunnerWorker.java:96)
	at org.testng.TestNG.runSuitesSequentially(TestNG.java:1214)
	at org.testng.TestNG.runSuitesLocally(TestNG.java:1136)
	at org.testng.TestNG.runSuites(TestNG.java:1066)
	at org.testng.TestNG.run(TestNG.java:1034)
	at org.testng.remote.AbstractRemoteTestNG.run(AbstractRemoteTestNG.java:115)
	at org.testng.remote.RemoteTestNG.initAndRun(RemoteTestNG.java:251)
	at org.testng.remote.RemoteTestNG.main(RemoteTestNG.java:77)
</pre></div></td>
<td>0</td>
<td>com.katalyst.ensoul.tests.ProfileTest@359f7cdf</td></tr>
</table><p>
<table width='100%' border='1' class='invocation-passed'>
<tr><td colspan='4' align='center'><b>PASSED TESTS</b></td></tr>
<tr><td><b>Test method</b></td>
<td width="30%"><b>Exception</b></td>
<td width="10%"><b>Time (seconds)</b></td>
<td><b>Instance</b></td>
</tr>
<tr>
<td title='com.katalyst.ensoul.tests.ProfileTest.BMPImgUpload()'><b>BMPImgUpload</b><br>Test class: com.katalyst.ensoul.tests.ProfileTest<br>Parameters: [Ljava.lang.String;@4b93dd6a</td>
<td></td>
<td>13</td>
<td>com.katalyst.ensoul.tests.ProfileTest@359f7cdf</td></tr>
<tr>
<td title='com.katalyst.ensoul.tests.ProfileTest.CharSpecial()'><b>CharSpecial</b><br>Test class: com.katalyst.ensoul.tests.ProfileTest<br>Parameters: [Ljava.lang.String;@582a3b19</td>
<td></td>
<td>20</td>
<td>com.katalyst.ensoul.tests.ProfileTest@359f7cdf</td></tr>
<tr>
<td title='com.katalyst.ensoul.tests.ProfileTest.Combine()'><b>Combine</b><br>Test class: com.katalyst.ensoul.tests.ProfileTest<br>Parameters: [Ljava.lang.String;@2b0454d2</td>
<td></td>
<td>21</td>
<td>com.katalyst.ensoul.tests.ProfileTest@359f7cdf</td></tr>
<tr>
<td title='com.katalyst.ensoul.tests.ProfileTest.GIFImgUpload()'><b>GIFImgUpload</b><br>Test class: com.katalyst.ensoul.tests.ProfileTest<br>Parameters: [Ljava.lang.String;@2616b618</td>
<td></td>
<td>13</td>
<td>com.katalyst.ensoul.tests.ProfileTest@359f7cdf</td></tr>
<tr>
<td title='com.katalyst.ensoul.tests.ProfileTest.JPGImgUpload()'><b>JPGImgUpload</b><br>Test class: com.katalyst.ensoul.tests.ProfileTest<br>Parameters: [Ljava.lang.String;@73bb573d</td>
<td></td>
<td>13</td>
<td>com.katalyst.ensoul.tests.ProfileTest@359f7cdf</td></tr>
<tr>
<td title='com.katalyst.ensoul.tests.WorkEmailLoginTest.LoginToApplication()'><b>LoginToApplication</b><br>Test class: com.katalyst.ensoul.tests.WorkEmailLoginTest<br>Parameters: [Ljava.lang.String;@7ac058a0</td>
<td></td>
<td>17</td>
<td>com.katalyst.ensoul.tests.WorkEmailLoginTest@4f18837a</td></tr>
<tr>
<td title='com.katalyst.ensoul.tests.ProfileTest.NumericAplha()'><b>NumericAplha</b><br>Test class: com.katalyst.ensoul.tests.ProfileTest<br>Parameters: [Ljava.lang.String;@736b21ee</td>
<td></td>
<td>19</td>
<td>com.katalyst.ensoul.tests.ProfileTest@359f7cdf</td></tr>
<tr>
<td title='com.katalyst.ensoul.tests.ProfileTest.OnlyChar()'><b>OnlyChar</b><br>Test class: com.katalyst.ensoul.tests.ProfileTest<br>Parameters: [Ljava.lang.String;@60deefed</td>
<td></td>
<td>18</td>
<td>com.katalyst.ensoul.tests.ProfileTest@359f7cdf</td></tr>
<tr>
<td title='com.katalyst.ensoul.tests.ProfileTest.OnlyNumbers()'><b>OnlyNumbers</b><br>Test class: com.katalyst.ensoul.tests.ProfileTest<br>Parameters: [Ljava.lang.String;@49754e74</td>
<td></td>
<td>21</td>
<td>com.katalyst.ensoul.tests.ProfileTest@359f7cdf</td></tr>
<tr>
<td title='com.katalyst.ensoul.tests.ProfileTest.PNGImgUpload()'><b>PNGImgUpload</b><br>Test class: com.katalyst.ensoul.tests.ProfileTest<br>Parameters: [Ljava.lang.String;@31881aa2</td>
<td></td>
<td>13</td>
<td>com.katalyst.ensoul.tests.ProfileTest@359f7cdf</td></tr>
<tr>
<td title='com.katalyst.ensoul.tests.ProfileTest.TXTImgUpload()'><b>TXTImgUpload</b><br>Test class: com.katalyst.ensoul.tests.ProfileTest<br>Parameters: [Ljava.lang.String;@1b46392c</td>
<td></td>
<td>13</td>
<td>com.katalyst.ensoul.tests.ProfileTest@359f7cdf</td></tr>
</table><p>
</body>
</html>