<?xml version="1.0" encoding="UTF-8"?>
<!-- Generated by org.testng.reporters.JUnitReportReporter -->
<testsuite skipped="0" hostname="Pravin-PC" name="com.katalyst.ensoul.tests.ProfileTest" tests="13" failures="0" timestamp="2020-07-10T12:15:46 IST" time="170.417" errors="3">
  <testcase name="PasswordReset" time="0.263" classname="com.katalyst.ensoul.tests.ProfileTest">
    <error type="org.testng.internal.reflect.MethodMatcherException" message="
[public void com.katalyst.ensoul.tests.ProfileTest.PasswordReset() throws java.lang.Exception] has no parameters defined but was found to be using a data provider (either explicitly specified or inherited from class level annotation).
Data provider mismatch
Method: PasswordReset([])
Arguments: [(java.lang.String) 12345678,(java.lang.String) 12345678,(java.lang.String) /EnsoulAutomationFramework/img/2.jpg,(java.lang.String) /EnsoulAutomationFramework/img/1.png,(java.lang.String) /EnsoulAutomationFramework/img/4.BMP,(java.lang.String) /EnsoulAutomationFramework/img/3.gif]">
      <![CDATA[org.testng.internal.reflect.MethodMatcherException: 
[public void com.katalyst.ensoul.tests.ProfileTest.PasswordReset() throws java.lang.Exception] has no parameters defined but was found to be using a data provider (either explicitly specified or inherited from class level annotation).
Data provider mismatch
Method: PasswordReset([])
Arguments: [(java.lang.String) 12345678,(java.lang.String) 12345678,(java.lang.String) /EnsoulAutomationFramework/img/2.jpg,(java.lang.String) /EnsoulAutomationFramework/img/1.png,(java.lang.String) /EnsoulAutomationFramework/img/4.BMP,(java.lang.String) /EnsoulAutomationFramework/img/3.gif]
at org.testng.internal.reflect.DataProviderMethodMatcher.getConformingArguments(DataProviderMethodMatcher.java:43)
at org.testng.internal.Parameters.injectParameters(Parameters.java:905)
at org.testng.internal.MethodRunner.runInSequence(MethodRunner.java:34)
at org.testng.internal.TestInvoker$MethodInvocationAgent.invoke(TestInvoker.java:821)
at org.testng.internal.TestInvoker.invokeTestMethods(TestInvoker.java:147)
at org.testng.internal.TestMethodWorker.invokeTestMethods(TestMethodWorker.java:146)
at org.testng.internal.TestMethodWorker.run(TestMethodWorker.java:128)
at java.util.ArrayList.forEach(Unknown Source)
at org.testng.TestRunner.privateRun(TestRunner.java:767)
at org.testng.TestRunner.run(TestRunner.java:588)
at org.testng.SuiteRunner.runTest(SuiteRunner.java:384)
at org.testng.SuiteRunner.runSequentially(SuiteRunner.java:378)
at org.testng.SuiteRunner.privateRun(SuiteRunner.java:337)
at org.testng.SuiteRunner.run(SuiteRunner.java:286)
at org.testng.SuiteRunnerWorker.runSuite(SuiteRunnerWorker.java:53)
at org.testng.SuiteRunnerWorker.run(SuiteRunnerWorker.java:96)
at org.testng.TestNG.runSuitesSequentially(TestNG.java:1214)
at org.testng.TestNG.runSuitesLocally(TestNG.java:1136)
at org.testng.TestNG.runSuites(TestNG.java:1066)
at org.testng.TestNG.run(TestNG.java:1034)
at org.testng.remote.AbstractRemoteTestNG.run(AbstractRemoteTestNG.java:115)
at org.testng.remote.RemoteTestNG.initAndRun(RemoteTestNG.java:251)
at org.testng.remote.RemoteTestNG.main(RemoteTestNG.java:77)
]]>
    </error>
  </testcase> <!-- PasswordReset -->
  <system-out/>
  <testcase name="NullPassword" time="0.216" classname="com.katalyst.ensoul.tests.ProfileTest">
    <error type="org.testng.internal.reflect.MethodMatcherException" message="
[public void com.katalyst.ensoul.tests.ProfileTest.NullPassword() throws java.lang.Exception] has no parameters defined but was found to be using a data provider (either explicitly specified or inherited from class level annotation).
Data provider mismatch
Method: NullPassword([])
Arguments: [(java.lang.String) 12345678,(java.lang.String) 12345678,(java.lang.String) /EnsoulAutomationFramework/img/2.jpg,(java.lang.String) /EnsoulAutomationFramework/img/1.png,(java.lang.String) /EnsoulAutomationFramework/img/4.BMP,(java.lang.String) /EnsoulAutomationFramework/img/3.gif]">
      <![CDATA[org.testng.internal.reflect.MethodMatcherException: 
[public void com.katalyst.ensoul.tests.ProfileTest.NullPassword() throws java.lang.Exception] has no parameters defined but was found to be using a data provider (either explicitly specified or inherited from class level annotation).
Data provider mismatch
Method: NullPassword([])
Arguments: [(java.lang.String) 12345678,(java.lang.String) 12345678,(java.lang.String) /EnsoulAutomationFramework/img/2.jpg,(java.lang.String) /EnsoulAutomationFramework/img/1.png,(java.lang.String) /EnsoulAutomationFramework/img/4.BMP,(java.lang.String) /EnsoulAutomationFramework/img/3.gif]
at org.testng.internal.reflect.DataProviderMethodMatcher.getConformingArguments(DataProviderMethodMatcher.java:43)
at org.testng.internal.Parameters.injectParameters(Parameters.java:905)
at org.testng.internal.MethodRunner.runInSequence(MethodRunner.java:34)
at org.testng.internal.TestInvoker$MethodInvocationAgent.invoke(TestInvoker.java:821)
at org.testng.internal.TestInvoker.invokeTestMethods(TestInvoker.java:147)
at org.testng.internal.TestMethodWorker.invokeTestMethods(TestMethodWorker.java:146)
at org.testng.internal.TestMethodWorker.run(TestMethodWorker.java:128)
at java.util.ArrayList.forEach(Unknown Source)
at org.testng.TestRunner.privateRun(TestRunner.java:767)
at org.testng.TestRunner.run(TestRunner.java:588)
at org.testng.SuiteRunner.runTest(SuiteRunner.java:384)
at org.testng.SuiteRunner.runSequentially(SuiteRunner.java:378)
at org.testng.SuiteRunner.privateRun(SuiteRunner.java:337)
at org.testng.SuiteRunner.run(SuiteRunner.java:286)
at org.testng.SuiteRunnerWorker.runSuite(SuiteRunnerWorker.java:53)
at org.testng.SuiteRunnerWorker.run(SuiteRunnerWorker.java:96)
at org.testng.TestNG.runSuitesSequentially(TestNG.java:1214)
at org.testng.TestNG.runSuitesLocally(TestNG.java:1136)
at org.testng.TestNG.runSuites(TestNG.java:1066)
at org.testng.TestNG.run(TestNG.java:1034)
at org.testng.remote.AbstractRemoteTestNG.run(AbstractRemoteTestNG.java:115)
at org.testng.remote.RemoteTestNG.initAndRun(RemoteTestNG.java:251)
at org.testng.remote.RemoteTestNG.main(RemoteTestNG.java:77)
]]>
    </error>
  </testcase> <!-- NullPassword -->
  <system-out/>
  <testcase name="OnlyChar" time="19.049" classname="com.katalyst.ensoul.tests.ProfileTest"/>
  <system-out/>
  <testcase name="NumericAplha" time="19.444" classname="com.katalyst.ensoul.tests.ProfileTest"/>
  <system-out/>
  <testcase name="CharSpecial" time="20.501" classname="com.katalyst.ensoul.tests.ProfileTest"/>
  <system-out/>
  <testcase name="OnlyNumbers" time="21.962" classname="com.katalyst.ensoul.tests.ProfileTest"/>
  <system-out/>
  <testcase name="Combine" time="21.441" classname="com.katalyst.ensoul.tests.ProfileTest"/>
  <system-out/>
  <testcase name="JPGImgUpload" time="13.594" classname="com.katalyst.ensoul.tests.ProfileTest"/>
  <system-out/>
  <testcase name="PNGImgUpload" time="13.483" classname="com.katalyst.ensoul.tests.ProfileTest"/>
  <system-out/>
  <testcase name="GIFImgUpload" time="13.514" classname="com.katalyst.ensoul.tests.ProfileTest"/>
  <system-out/>
  <testcase name="BMPImgUpload" time="13.445" classname="com.katalyst.ensoul.tests.ProfileTest"/>
  <system-out/>
  <testcase name="TXTImgUpload" time="13.431" classname="com.katalyst.ensoul.tests.ProfileTest"/>
  <system-out/>
  <testcase name="ChkEmailUname" time="0.074" classname="com.katalyst.ensoul.tests.ProfileTest">
    <error type="org.testng.internal.reflect.MethodMatcherException" message="
[public void com.katalyst.ensoul.tests.ProfileTest.ChkEmailUname() throws java.lang.Exception] has no parameters defined but was found to be using a data provider (either explicitly specified or inherited from class level annotation).
Data provider mismatch
Method: ChkEmailUname([])
Arguments: [(java.lang.String) 12345678,(java.lang.String) 12345678,(java.lang.String) /EnsoulAutomationFramework/img/2.jpg,(java.lang.String) /EnsoulAutomationFramework/img/1.png,(java.lang.String) /EnsoulAutomationFramework/img/4.BMP,(java.lang.String) /EnsoulAutomationFramework/img/3.gif]">
      <![CDATA[org.testng.internal.reflect.MethodMatcherException: 
[public void com.katalyst.ensoul.tests.ProfileTest.ChkEmailUname() throws java.lang.Exception] has no parameters defined but was found to be using a data provider (either explicitly specified or inherited from class level annotation).
Data provider mismatch
Method: ChkEmailUname([])
Arguments: [(java.lang.String) 12345678,(java.lang.String) 12345678,(java.lang.String) /EnsoulAutomationFramework/img/2.jpg,(java.lang.String) /EnsoulAutomationFramework/img/1.png,(java.lang.String) /EnsoulAutomationFramework/img/4.BMP,(java.lang.String) /EnsoulAutomationFramework/img/3.gif]
at org.testng.internal.reflect.DataProviderMethodMatcher.getConformingArguments(DataProviderMethodMatcher.java:43)
at org.testng.internal.Parameters.injectParameters(Parameters.java:905)
at org.testng.internal.MethodRunner.runInSequence(MethodRunner.java:34)
at org.testng.internal.TestInvoker$MethodInvocationAgent.invoke(TestInvoker.java:821)
at org.testng.internal.TestInvoker.invokeTestMethods(TestInvoker.java:147)
at org.testng.internal.TestMethodWorker.invokeTestMethods(TestMethodWorker.java:146)
at org.testng.internal.TestMethodWorker.run(TestMethodWorker.java:128)
at java.util.ArrayList.forEach(Unknown Source)
at org.testng.TestRunner.privateRun(TestRunner.java:767)
at org.testng.TestRunner.run(TestRunner.java:588)
at org.testng.SuiteRunner.runTest(SuiteRunner.java:384)
at org.testng.SuiteRunner.runSequentially(SuiteRunner.java:378)
at org.testng.SuiteRunner.privateRun(SuiteRunner.java:337)
at org.testng.SuiteRunner.run(SuiteRunner.java:286)
at org.testng.SuiteRunnerWorker.runSuite(SuiteRunnerWorker.java:53)
at org.testng.SuiteRunnerWorker.run(SuiteRunnerWorker.java:96)
at org.testng.TestNG.runSuitesSequentially(TestNG.java:1214)
at org.testng.TestNG.runSuitesLocally(TestNG.java:1136)
at org.testng.TestNG.runSuites(TestNG.java:1066)
at org.testng.TestNG.run(TestNG.java:1034)
at org.testng.remote.AbstractRemoteTestNG.run(AbstractRemoteTestNG.java:115)
at org.testng.remote.RemoteTestNG.initAndRun(RemoteTestNG.java:251)
at org.testng.remote.RemoteTestNG.main(RemoteTestNG.java:77)
]]>
    </error>
  </testcase> <!-- ChkEmailUname -->
  <system-out/>
</testsuite> <!-- com.katalyst.ensoul.tests.ProfileTest -->
