<?xml version="1.0" encoding="UTF-8"?>
<!-- Generated by org.testng.reporters.JUnitReportReporter -->
<testsuite skipped="1" hostname="Pravin-PC" name="com.katalyst.ensoul.tests.LoginTest" tests="2" failures="0" timestamp="2020-06-10T19:34:32 IST" time="6.682" errors="1">
  <testcase name="setUp" time="6.682" classname="com.katalyst.ensoul.tests.LoginTest">
    <error type="org.openqa.selenium.SessionNotCreatedException" message="session not created: This version of ChromeDriver only supports Chrome version 80
Build info: version: &#039;3.141.59&#039;, revision: &#039;e82be7d358&#039;, time: &#039;2018-11-14T08:17:03&#039;
System info: host: &#039;PRAVIN-PC&#039;, ip: &#039;192.168.56.1&#039;, os.name: &#039;Windows 7&#039;, os.arch: &#039;amd64&#039;, os.version: &#039;6.1&#039;, java.version: &#039;1.8.0_231&#039;
Driver info: driver.version: ChromeDriver
remote stacktrace: Backtrace:
	Ordinal0 [0x01370C83+1707139]
	Ordinal0 [0x012D68F1+1075441]
	Ordinal0 [0x0124DFC9+516041]
	Ordinal0 [0x011E0554+66900]
	Ordinal0 [0x011DCCE2+52450]
	Ordinal0 [0x011FBFD7+180183]
	Ordinal0 [0x011FBDDD+179677]
	Ordinal0 [0x011F9D4B+171339]
	Ordinal0 [0x011E1D4A+73034]
	Ordinal0 [0x011E2DC0+77248]
	Ordinal0 [0x011E2D59+77145]
	Ordinal0 [0x012EBB67+1162087]
	GetHandleVerifier [0x0140A966+508998]
	GetHandleVerifier [0x0140A6A4+508292]
	GetHandleVerifier [0x0141F7B7+594583]
	GetHandleVerifier [0x0140B1D6+511158]
	Ordinal0 [0x012E402C+1130540]
	Ordinal0 [0x012ED4CB+1168587]
	Ordinal0 [0x012ED633+1168947]
	Ordinal0 [0x01305B35+1268533]
	BaseThreadInitThunk [0x7696344D+18]
	RtlInitializeExceptionChain [0x77549802+99]
	RtlInitializeExceptionChain [0x775497D5+54]
">
      <![CDATA[org.openqa.selenium.SessionNotCreatedException: session not created: This version of ChromeDriver only supports Chrome version 80
Build info: version: '3.141.59', revision: 'e82be7d358', time: '2018-11-14T08:17:03'
System info: host: 'PRAVIN-PC', ip: '192.168.56.1', os.name: 'Windows 7', os.arch: 'amd64', os.version: '6.1', java.version: '1.8.0_231'
Driver info: driver.version: ChromeDriver
remote stacktrace: Backtrace:
Ordinal0 [0x01370C83+1707139]
Ordinal0 [0x012D68F1+1075441]
Ordinal0 [0x0124DFC9+516041]
Ordinal0 [0x011E0554+66900]
Ordinal0 [0x011DCCE2+52450]
Ordinal0 [0x011FBFD7+180183]
Ordinal0 [0x011FBDDD+179677]
Ordinal0 [0x011F9D4B+171339]
Ordinal0 [0x011E1D4A+73034]
Ordinal0 [0x011E2DC0+77248]
Ordinal0 [0x011E2D59+77145]
Ordinal0 [0x012EBB67+1162087]
GetHandleVerifier [0x0140A966+508998]
GetHandleVerifier [0x0140A6A4+508292]
GetHandleVerifier [0x0141F7B7+594583]
GetHandleVerifier [0x0140B1D6+511158]
Ordinal0 [0x012E402C+1130540]
Ordinal0 [0x012ED4CB+1168587]
Ordinal0 [0x012ED633+1168947]
Ordinal0 [0x01305B35+1268533]
BaseThreadInitThunk [0x7696344D+18]
RtlInitializeExceptionChain [0x77549802+99]
RtlInitializeExceptionChain [0x775497D5+54]

at sun.reflect.NativeConstructorAccessorImpl.newInstance0(Native Method)
at sun.reflect.NativeConstructorAccessorImpl.newInstance(Unknown Source)
at sun.reflect.DelegatingConstructorAccessorImpl.newInstance(Unknown Source)
at java.lang.reflect.Constructor.newInstance(Unknown Source)
at org.openqa.selenium.remote.W3CHandshakeResponse.lambda$errorHandler$0(W3CHandshakeResponse.java:62)
at org.openqa.selenium.remote.HandshakeResponse.lambda$getResponseFunction$0(HandshakeResponse.java:30)
at org.openqa.selenium.remote.ProtocolHandshake.lambda$createSession$0(ProtocolHandshake.java:126)
at java.util.stream.ReferencePipeline$3$1.accept(Unknown Source)
at java.util.Spliterators$ArraySpliterator.tryAdvance(Unknown Source)
at java.util.stream.ReferencePipeline.forEachWithCancel(Unknown Source)
at java.util.stream.AbstractPipeline.copyIntoWithCancel(Unknown Source)
at java.util.stream.AbstractPipeline.copyInto(Unknown Source)
at java.util.stream.AbstractPipeline.wrapAndCopyInto(Unknown Source)
at java.util.stream.FindOps$FindOp.evaluateSequential(Unknown Source)
at java.util.stream.AbstractPipeline.evaluate(Unknown Source)
at java.util.stream.ReferencePipeline.findFirst(Unknown Source)
at org.openqa.selenium.remote.ProtocolHandshake.createSession(ProtocolHandshake.java:128)
at org.openqa.selenium.remote.ProtocolHandshake.createSession(ProtocolHandshake.java:74)
at org.openqa.selenium.remote.HttpCommandExecutor.execute(HttpCommandExecutor.java:136)
at org.openqa.selenium.remote.service.DriverCommandExecutor.execute(DriverCommandExecutor.java:83)
at org.openqa.selenium.remote.RemoteWebDriver.execute(RemoteWebDriver.java:552)
at org.openqa.selenium.remote.RemoteWebDriver.startSession(RemoteWebDriver.java:213)
at org.openqa.selenium.remote.RemoteWebDriver.<init>(RemoteWebDriver.java:131)
at org.openqa.selenium.chrome.ChromeDriver.<init>(ChromeDriver.java:181)
at org.openqa.selenium.chrome.ChromeDriver.<init>(ChromeDriver.java:168)
at org.openqa.selenium.chrome.ChromeDriver.<init>(ChromeDriver.java:157)
at com.katalyst.base.TestBase.openBrowser(TestBase.java:81)
at com.katalyst.base.TestBase.setUp(TestBase.java:60)
at sun.reflect.NativeMethodAccessorImpl.invoke0(Native Method)
at sun.reflect.NativeMethodAccessorImpl.invoke(Unknown Source)
at sun.reflect.DelegatingMethodAccessorImpl.invoke(Unknown Source)
at java.lang.reflect.Method.invoke(Unknown Source)
at org.testng.internal.MethodInvocationHelper.invokeMethod(MethodInvocationHelper.java:135)
at org.testng.internal.MethodInvocationHelper.invokeMethodConsideringTimeout(MethodInvocationHelper.java:64)
at org.testng.internal.ConfigInvoker.invokeConfigurationMethod(ConfigInvoker.java:364)
at org.testng.internal.ConfigInvoker.invokeConfigurations(ConfigInvoker.java:318)
at org.testng.SuiteRunner.privateRun(SuiteRunner.java:327)
at org.testng.SuiteRunner.run(SuiteRunner.java:286)
at org.testng.SuiteRunnerWorker.runSuite(SuiteRunnerWorker.java:53)
at org.testng.SuiteRunnerWorker.run(SuiteRunnerWorker.java:96)
at org.testng.TestNG.runSuitesSequentially(TestNG.java:1214)
at org.testng.TestNG.runSuitesLocally(TestNG.java:1136)
at org.testng.TestNG.runSuites(TestNG.java:1066)
at org.testng.TestNG.run(TestNG.java:1034)
at org.testng.remote.AbstractRemoteTestNG.run(AbstractRemoteTestNG.java:115)
at org.testng.remote.RemoteTestNG.initAndRun(RemoteTestNG.java:251)
at org.testng.remote.RemoteTestNG.main(RemoteTestNG.java:77)
]]>
    </error>
  </testcase> <!-- setUp -->
  <system-out/>
  <testcase name="LoginToApplication" time="0.000" classname="com.katalyst.ensoul.tests.LoginTest">
    <skipped/>
  </testcase> <!-- LoginToApplication -->
  <system-out/>
</testsuite> <!-- com.katalyst.ensoul.tests.LoginTest -->
